Build started 6/6/2021 11:02:04 PM.
     1>Project "H:\Files\projects\ludo\ludo\ludo.vcxproj" on node 2 (Build target(s)).
     1>ClCompile:
         C:\Program Files (x86)\Microsoft Visual Studio 12.0\VC\bin\CL.exe /c /ZI /nologo /W3 /WX- /sdl /Od /Oy- /D _MBCS /Gm /EHsc /RTC1 /MDd /GS /fp:precise /Zc:wchar_t /Zc:forScope /Fo"Debug\\" /Fd"Debug\vc120.pdb" /Gd /TP /analyze- /errorReport:prompt myconsole.cpp mygraphics.cpp Source.cpp
         Source.cpp
     1>h:\files\projects\ludo\ludo\source.cpp(471): warning C4800: 'int' : forcing value to bool 'true' or 'false' (performance warning)
     1>h:\files\projects\ludo\ludo\source.cpp(516): warning C4800: 'int' : forcing value to bool 'true' or 'false' (performance warning)
     1>h:\files\projects\ludo\ludo\source.cpp(546): warning C4804: '>' : unsafe use of type 'bool' in operation
     1>h:\files\projects\ludo\ludo\source.cpp(557): warning C4804: '>' : unsafe use of type 'bool' in operation
     1>h:\files\projects\ludo\ludo\source.cpp(587): warning C4800: 'int' : forcing value to bool 'true' or 'false' (performance warning)
     1>h:\files\projects\ludo\ludo\source.cpp(608): warning C4804: '>' : unsafe use of type 'bool' in operation
     1>h:\files\projects\ludo\ludo\source.cpp(632): warning C4800: 'int' : forcing value to bool 'true' or 'false' (performance warning)
     1>h:\files\projects\ludo\ludo\source.cpp(687): warning C4101: 'ch' : unreferenced local variable
         mygraphics.cpp
         myconsole.cpp
         Generating Code...
       Link:
         C:\Program Files (x86)\Microsoft Visual Studio 12.0\VC\bin\link.exe /ERRORREPORT:PROMPT /OUT:"H:\Files\projects\ludo\Debug\ludo.exe" /INCREMENTAL /NOLOGO kernel32.lib user32.lib gdi32.lib winspool.lib comdlg32.lib advapi32.lib shell32.lib ole32.lib oleaut32.lib uuid.lib odbc32.lib odbccp32.lib /MANIFEST /MANIFESTUAC:"level='asInvoker' uiAccess='false'" /manifest:embed /DEBUG /PDB:"H:\Files\projects\ludo\Debug\ludo.pdb" /TLBID:1 /DYNAMICBASE /NXCOMPAT /IMPLIB:"H:\Files\projects\ludo\Debug\ludo.lib" /MACHINE:X86 Debug\myconsole.obj
         Debug\mygraphics.obj
         Debug\Source.obj
         ludo.vcxproj -> H:\Files\projects\ludo\Debug\ludo.exe
     1>Done Building Project "H:\Files\projects\ludo\ludo\ludo.vcxproj" (Build target(s)).

Build succeeded.

Time Elapsed 00:00:07.96
